Build started 19-07-2015 14:46:26.
     1>Project "C:\Users\l\Desktop\lepevrx\gamex86.vcxproj" on node 2 (Build target(s)).
     1>ClCompile:
         E:\Archivo de programa (x86)\Microsoft Visual Studio 12.0\VC\bin\CL.exe /c /Zi /nologo /W3 /WX- /Od /Ob0 /Oy- /D WIN32 /D _WINDOWS /D _DEBUG /D GDS_NOMULTITHREADING /D NO_GDS /D CMD_USEHASH /D Q2PRO_COMPATIBILITY /D ALLOW_ADMIN /D "CMAKE_INTDIR=\"Debug\"" /D gamex86_EXPORTS /D _WINDLL /D _MBCS /Gm- /RTC1 /MDd /GS /fp:precise /Zc:wchar_t /Zc:forScope /Fo"gamex86.dir\Debug\\" /Fd"gamex86.dir\Debug\vc120.pdb" /Gd /TC /analyze- /errorReport:prompt "E:\vrxcl-master\player_points.c"
         player_points.c
       Link:
         E:\Archivo de programa (x86)\Microsoft Visual Studio 12.0\VC\bin\link.exe /ERRORREPORT:PROMPT /OUT:"C:\Users\l\Desktop\vrx\Debug\gamex86.dll" /INCREMENTAL /NOLOGO kernel32.lib user32.lib gdi32.lib winspool.lib shell32.lib ole32.lib oleaut32.lib uuid.lib comdlg32.lib advapi32.lib Wininet.lib Winmm.lib /MANIFEST /MANIFESTUAC:"level='asInvoker' uiAccess='false'" /manifest:embed /DEBUG /PDB:"C:/Users/l/Desktop/vrx/Debug/gamex86.pdb" /SUBSYSTEM:CONSOLE /TLBID:1 /DYNAMICBASE /NXCOMPAT /IMPLIB:"C:/Users/l/Desktop/vrx/Debug/gamex86.lib" /MACHINE:X86 /SAFESEH  /machine:X86 /debug /DLL gamex86.dir\Debug\ally.obj
         gamex86.dir\Debug\armory.obj
         gamex86.dir\Debug\auras.obj
         gamex86.dir\Debug\backpack.obj
         gamex86.dir\Debug\bombspell.obj
         gamex86.dir\Debug\boss_general.obj
         gamex86.dir\Debug\boss_makron.obj
         gamex86.dir\Debug\boss_tank.obj
         gamex86.dir\Debug\class_brain.obj
         gamex86.dir\Debug\class_demon.obj
         gamex86.dir\Debug\cloak.obj
         gamex86.dir\Debug\ctf.obj
         gamex86.dir\Debug\damage.obj
         gamex86.dir\Debug\domination.obj
         gamex86.dir\Debug\drone_ai.obj
         gamex86.dir\Debug\drone_berserk.obj
         gamex86.dir\Debug\drone_bitch.obj
         gamex86.dir\Debug\drone_brain.obj
         gamex86.dir\Debug\drone_decoy.obj
         gamex86.dir\Debug\drone_gladiator.obj
         gamex86.dir\Debug\drone_gunner.obj
         gamex86.dir\Debug\drone_infantry.obj
         gamex86.dir\Debug\drone_jorg.obj
         gamex86.dir\Debug\drone_makron.obj
         gamex86.dir\Debug\drone_medic.obj
         gamex86.dir\Debug\drone_misc.obj
         gamex86.dir\Debug\drone_move.obj
         gamex86.dir\Debug\drone_mutant.obj
         gamex86.dir\Debug\drone_parasite.obj
         gamex86.dir\Debug\drone_retard.obj
         gamex86.dir\Debug\drone_soldier.obj
         gamex86.dir\Debug\drone_supertank.obj
         gamex86.dir\Debug\drone_tank.obj
         gamex86.dir\Debug\ents.obj
         gamex86.dir\Debug\file_output.obj
         gamex86.dir\Debug\flying_skull.obj
         gamex86.dir\Debug\forcewall.obj
         gamex86.dir\Debug\grid.obj
         gamex86.dir\Debug\g_chase.obj
         gamex86.dir\Debug\g_cmds.obj
         gamex86.dir\Debug\g_combat.obj
         gamex86.dir\Debug\g_flame.obj
         gamex86.dir\Debug\g_func.obj
         gamex86.dir\Debug\g_items.obj
         gamex86.dir\Debug\g_lasers.obj
         gamex86.dir\Debug\g_main.obj
         gamex86.dir\Debug\g_misc.obj
         gamex86.dir\Debug\g_monster.obj
         gamex86.dir\Debug\g_phys.obj
         gamex86.dir\Debug\g_save.obj
         gamex86.dir\Debug\g_spawn.obj
         gamex86.dir\Debug\g_svcmds.obj
         gamex86.dir\Debug\g_sword.obj
         gamex86.dir\Debug\g_target.obj
         gamex86.dir\Debug\g_trigger.obj
         gamex86.dir\Debug\g_utils.obj
         gamex86.dir\Debug\g_weapon.obj
         gamex86.dir\Debug\hash_32a.obj
         gamex86.dir\Debug\help.obj
         gamex86.dir\Debug\invasion.obj
         gamex86.dir\Debug\item_menu.obj
         gamex86.dir\Debug\jetpack.obj
         gamex86.dir\Debug\lasers.obj
         gamex86.dir\Debug\lasersight.obj
         gamex86.dir\Debug\laserstuff.obj
         gamex86.dir\Debug\lua.obj
         gamex86.dir\Debug\magic.obj
         gamex86.dir\Debug\maplist.obj
         gamex86.dir\Debug\menu.obj
         gamex86.dir\Debug\minisentry.obj
         gamex86.dir\Debug\misc_stuff.obj
         gamex86.dir\Debug\m_flash.obj
         gamex86.dir\Debug\Player.obj
         gamex86.dir\Debug\playerlog.obj
         gamex86.dir\Debug\playertoberserk.obj
         gamex86.dir\Debug\playertoflyer.obj
         gamex86.dir\Debug\playertomedic.obj
         gamex86.dir\Debug\playertomutant.obj
         gamex86.dir\Debug\playertoparasite.obj
         gamex86.dir\Debug\playertotank.obj
         gamex86.dir\Debug\player_points.obj
         gamex86.dir\Debug\pvb.obj
         gamex86.dir\Debug\p_client.obj
         gamex86.dir\Debug\p_hook.obj
         gamex86.dir\Debug\p_hud.obj
         gamex86.dir\Debug\p_menu.obj
         gamex86.dir\Debug\p_parasite.obj
         gamex86.dir\Debug\p_trail.obj
         gamex86.dir\Debug\p_view.obj
         gamex86.dir\Debug\p_weapon.obj
         gamex86.dir\Debug\q_shared.obj
         gamex86.dir\Debug\repairstation.obj
         gamex86.dir\Debug\scanner.obj
         gamex86.dir\Debug\sentrygun2.obj
         gamex86.dir\Debug\shaman.obj
         gamex86.dir\Debug\special_items.obj
         gamex86.dir\Debug\Spirit.obj
         gamex86.dir\Debug\sqlite3.obj
         gamex86.dir\Debug\supplystation.obj
         gamex86.dir\Debug\Talents.obj
         gamex86.dir\Debug\teamplay.obj
         gamex86.dir\Debug\totems.obj
         gamex86.dir\Debug\trade.obj
         gamex86.dir\Debug\upgrades.obj
         gamex86.dir\Debug\vote.obj
         gamex86.dir\Debug\v_abilitylist.obj
         gamex86.dir\Debug\v_autobind.obj
         gamex86.dir\Debug\v_cmd.obj
         gamex86.dir\Debug\v_file_IO.obj
         gamex86.dir\Debug\v_hw.obj
         gamex86.dir\Debug\v_items.obj
         gamex86.dir\Debug\v_luasettings.obj
         gamex86.dir\Debug\v_maplist.obj
         gamex86.dir\Debug\v_mysql_gds.obj
         gamex86.dir\Debug\v_sqlite_character.obj
         gamex86.dir\Debug\v_sqlite_unidb.obj
         gamex86.dir\Debug\v_tbi.obj
         gamex86.dir\Debug\v_utils.obj
         gamex86.dir\Debug\weapons.obj
         gamex86.dir\Debug\weapon_upgrades.obj
         gamex86.dir\Debug\ai_class_dmbot.obj
         gamex86.dir\Debug\ai_class_monster_default.obj
         gamex86.dir\Debug\ai_dropnodes.obj
         gamex86.dir\Debug\ai_items.obj
         gamex86.dir\Debug\ai_links.obj
         gamex86.dir\Debug\ai_main.obj
         gamex86.dir\Debug\ai_movement.obj
         gamex86.dir\Debug\ai_navigation.obj
         gamex86.dir\Debug\ai_nodes.obj
         gamex86.dir\Debug\ai_tools.obj
         gamex86.dir\Debug\ai_weapons.obj
         gamex86.dir\Debug\AStar.obj
         gamex86.dir\Debug\bot_common.obj
         gamex86.dir\Debug\bot_spawn.obj
         gamex86.vcxproj -> C:\Users\l\Desktop\vrx\Debug\gamex86.dll
     1>Done Building Project "C:\Users\l\Desktop\lepevrx\gamex86.vcxproj" (Build target(s)).

Build succeeded.

Time Elapsed 00:00:01.03
